<?xml version="1.0" encoding="UTF-8"?>
<!-- Generated by org.testng.reporters.JUnitXMLReporter -->
<testsuite ignored="0" hostname="LAPTOP-AAOHPEQP" failures="0" tests="5" name="HomeLoan" time="0.074" errors="0" timestamp="2024-04-06T19:00:21 IST">
  <testcase classname="testNGPractice.TestNGPrac" name="Demo" time="0.011"/>
  <testcase classname="testNGPractice.TestNGPrac" name="day1" time="0.001"/>
  <testcase classname="testNGPractice.TestNGPrac" name="day2" time="0.006"/>
  <testcase classname="testNGPractice.demoClassName" name="APILogin" time="0.003"/>
  <testcase classname="testNGPractice.day3" name="sampleMethod" time="0.002"/>
</testsuite> <!-- HomeLoan -->
