<?xml version="1.0" encoding="UTF-8"?>
<testng-results ignored="0" total="5" passed="5" failed="0" skipped="0">
  <reporter-output>
  </reporter-output>
  <suite started-at="2024-04-06T19:00:21 IST" name="LoanDept" finished-at="2024-04-06T19:00:21 IST" duration-ms="74">
    <groups>
    </groups>
    <test started-at="2024-04-06T19:00:21 IST" name="HomeLoan" finished-at="2024-04-06T19:00:21 IST" duration-ms="74">
      <class name="testNGPractice.day3">
        <test-method signature="sampleMethod()[pri:0, instance:testNGPractice.day3@7ae42ce3]" started-at="2024-04-06T19:00:21 IST" name="sampleMethod" finished-at="2024-04-06T19:00:21 IST" duration-ms="2" status="PASS">
          <reporter-output>
          </reporter-output>
        </test-method> <!-- sampleMethod -->
      </class> <!-- testNGPractice.day3 -->
      <class name="testNGPractice.TestNGPrac">
        <test-method signature="Demo()[pri:0, instance:testNGPractice.TestNGPrac@265adfad]" started-at="2024-04-06T19:00:21 IST" name="Demo" finished-at="2024-04-06T19:00:21 IST" duration-ms="11" status="PASS">
          <reporter-output>
          </reporter-output>
        </test-method> <!-- Demo -->
        <test-method signature="day1()[pri:0, instance:testNGPractice.TestNGPrac@265adfad]" started-at="2024-04-06T19:00:21 IST" name="day1" finished-at="2024-04-06T19:00:21 IST" duration-ms="1" status="PASS">
          <reporter-output>
          </reporter-output>
        </test-method> <!-- day1 -->
        <test-method signature="day2()[pri:0, instance:testNGPractice.TestNGPrac@265adfad]" started-at="2024-04-06T19:00:21 IST" name="day2" finished-at="2024-04-06T19:00:21 IST" duration-ms="6" status="PASS">
          <reporter-output>
          </reporter-output>
        </test-method> <!-- day2 -->
      </class> <!-- testNGPractice.TestNGPrac -->
      <class name="testNGPractice.demoClassName">
        <test-method signature="APILogin()[pri:0, instance:testNGPractice.demoClassName@5a755cc1]" started-at="2024-04-06T19:00:21 IST" name="APILogin" finished-at="2024-04-06T19:00:21 IST" duration-ms="3" status="PASS">
          <reporter-output>
          </reporter-output>
        </test-method> <!-- APILogin -->
      </class> <!-- testNGPractice.demoClassName -->
    </test> <!-- HomeLoan -->
  </suite> <!-- LoanDept -->
</testng-results>
